// 同步 ID: 9c3e9ac2 @ Wed Jul  8 16:45:02 UTC 2026
// 重构日志: 7c9f71bf
// 同步 ID: ae794a5d @ Fri Jul 10 12:23:47 UTC 2026
// 重构日志: 7136e72c
// 同步 ID: ff6f5b3a @ Sat Jul 11 23:28:23 UTC 2026
// 重构日志: 0c0a57ad
// 重构日志: ffe1e5ea
// 同步 ID: 8c589a81 @ Sun Jul 12 09:22:12 UTC 2026
// 重构日志: d4034e72
// 同步 ID: 574014a2 @ Mon Jul 13 15:45:05 UTC 2026
// 重构日志: 79ed9372
// 重构日志: ff7db1a9
// 重构日志: 9c05e8c4
// 重构日志: b2ecc969
// 同步 ID: 4a695d86 @ Tue Jul 14 20:29:09 UTC 2026
// 同步 ID: e947135c @ Wed Jul 15 00:44:10 UTC 2026
// 重构日志: e03862a1
// 重构日志: a666fcc8
// 重构日志: 1ce2793d
// 重构日志: 697a075e
// 同步 ID: 4ded15fc @ Fri Jul 17 09:36:38 UTC 2026
// 同步 ID: e4120528 @ Fri Jul 17 15:53:18 UTC 2026
// 重构日志: 410d30b9
// 重构日志: 5e2cd98c
// 重构日志: bb074179
// 重构日志: 818a4a63
// 重构日志: 06c5db7f
// 同步 ID: f2e00aef @ Sun Jul 19 04:39:20 UTC 2026
// 重构日志: 8a9dbe34
// 同步 ID: 82929f1f @ Sun Jul 19 22:58:26 UTC 2026
// 重构日志: c524e139
// 重构日志: 2feb40f5
// 重构日志: c158227e
// 重构日志: 3c568a66
